<?xml version="1.0" encoding="UTF-8"?>
<testsuite xmlns:xsi="http://www.w3.org/2001/XMLSchema-instance" xsi:noNamespaceSchemaLocation="https://maven.apache.org/surefire/maven-surefire-plugin/xsd/surefire-test-report.xsd" name="com.objis.demomaven.AppTest" time="0.081" tests="1" errors="0" skipped="0" failures="0">
  <properties>
    <property name="sun.desktop" value="gnome"/>
    <property name="awt.toolkit" value="sun.awt.X11.XToolkit"/>
    <property name="java.specification.version" value="11"/>
    <property name="sun.cpu.isalist" value=""/>
    <property name="sun.jnu.encoding" value="UTF-8"/>
    <property name="java.class.path" value="/home/y/formationmaven/tps/tp3/monappli/monappli-service/target/test-classes:/home/y/formationmaven/tps/tp3/monappli/monappli-service/target/classes:/home/y/.m2/repository/junit/junit/4.11/junit-4.11.jar:/home/y/.m2/repository/org/hamcrest/hamcrest-core/1.3/hamcrest-core-1.3.jar:/home/y/formationmaven/tps/tp3/monappli/monappli-dao/target/monappli-dao-1.0-SNAPSHOT.jar:/home/y/formationmaven/tps/tp3/monappli/monappli-domaine/target/monappli-domaine-1.0-SNAPSHOT.jar:/home/y/.m2/repository/org/hibernate/hibernate-core/4.2.2.Final/hibernate-core-4.2.2.Final.jar:/home/y/.m2/repository/antlr/antlr/2.7.7/antlr-2.7.7.jar:/home/y/.m2/repository/org/jboss/logging/jboss-logging/3.1.0.GA/jboss-logging-3.1.0.GA.jar:/home/y/.m2/repository/dom4j/dom4j/1.6.1/dom4j-1.6.1.jar:/home/y/.m2/repository/org/jboss/spec/javax/transaction/jboss-transaction-api_1.1_spec/1.0.1.Final/jboss-transaction-api_1.1_spec-1.0.1.Final.jar:/home/y/.m2/repository/org/hibernate/javax/persistence/hibernate-jpa-2.0-api/1.0.1.Final/hibernate-jpa-2.0-api-1.0.1.Final.jar:/home/y/.m2/repository/org/hibernate/common/hibernate-commons-annotations/4.0.2.Final/hibernate-commons-annotations-4.0.2.Final.jar:/home/y/.m2/repository/org/javassist/javassist/3.15.0-GA/javassist-3.15.0-GA.jar:"/>
    <property name="java.vm.vendor" value="Ubuntu"/>
    <property name="sun.arch.data.model" value="64"/>
    <property name="java.vendor.url" value="https://ubuntu.com/"/>
    <property name="user.timezone" value=""/>
    <property name="java.vm.specification.version" value="11"/>
    <property name="os.name" value="Linux"/>
    <property name="sun.java.launcher" value="SUN_STANDARD"/>
    <property name="user.country" value="US"/>
    <property name="sun.boot.library.path" value="/usr/lib/jvm/java-11-openjdk-amd64/lib"/>
    <property name="sun.java.command" value="/home/y/formationmaven/tps/tp3/monappli/monappli-service/target/surefire/surefirebooter11638017522588220070.jar /home/y/formationmaven/tps/tp3/monappli/monappli-service/target/surefire 2020-05-19T11-38-24_805-jvmRun1 surefire17221332719020113428tmp surefire_210252992816790924059tmp"/>
    <property name="jdk.debug" value="release"/>
    <property name="surefire.test.class.path" value="/home/y/formationmaven/tps/tp3/monappli/monappli-service/target/test-classes:/home/y/formationmaven/tps/tp3/monappli/monappli-service/target/classes:/home/y/.m2/repository/junit/junit/4.11/junit-4.11.jar:/home/y/.m2/repository/org/hamcrest/hamcrest-core/1.3/hamcrest-core-1.3.jar:/home/y/formationmaven/tps/tp3/monappli/monappli-dao/target/monappli-dao-1.0-SNAPSHOT.jar:/home/y/formationmaven/tps/tp3/monappli/monappli-domaine/target/monappli-domaine-1.0-SNAPSHOT.jar:/home/y/.m2/repository/org/hibernate/hibernate-core/4.2.2.Final/hibernate-core-4.2.2.Final.jar:/home/y/.m2/repository/antlr/antlr/2.7.7/antlr-2.7.7.jar:/home/y/.m2/repository/org/jboss/logging/jboss-logging/3.1.0.GA/jboss-logging-3.1.0.GA.jar:/home/y/.m2/repository/dom4j/dom4j/1.6.1/dom4j-1.6.1.jar:/home/y/.m2/repository/org/jboss/spec/javax/transaction/jboss-transaction-api_1.1_spec/1.0.1.Final/jboss-transaction-api_1.1_spec-1.0.1.Final.jar:/home/y/.m2/repository/org/hibernate/javax/persistence/hibernate-jpa-2.0-api/1.0.1.Final/hibernate-jpa-2.0-api-1.0.1.Final.jar:/home/y/.m2/repository/org/hibernate/common/hibernate-commons-annotations/4.0.2.Final/hibernate-commons-annotations-4.0.2.Final.jar:/home/y/.m2/repository/org/javassist/javassist/3.15.0-GA/javassist-3.15.0-GA.jar:"/>
    <property name="sun.cpu.endian" value="little"/>
    <property name="user.home" value="/home/y"/>
    <property name="user.language" value="en"/>
    <property name="java.specification.vendor" value="Oracle Corporation"/>
    <property name="java.version.date" value="2020-04-14"/>
    <property name="java.home" value="/usr/lib/jvm/java-11-openjdk-amd64"/>
    <property name="file.separator" value="/"/>
    <property name="basedir" value="/home/y/formationmaven/tps/tp3/monappli/monappli-service"/>
    <property name="java.vm.compressedOopsMode" value="32-bit"/>
    <property name="line.separator" value="&#10;"/>
    <property name="java.specification.name" value="Java Platform API Specification"/>
    <property name="java.vm.specification.vendor" value="Oracle Corporation"/>
    <property name="java.awt.graphicsenv" value="sun.awt.X11GraphicsEnvironment"/>
    <property name="surefire.real.class.path" value="/home/y/formationmaven/tps/tp3/monappli/monappli-service/target/surefire/surefirebooter11638017522588220070.jar"/>
    <property name="sun.management.compiler" value="HotSpot 64-Bit Tiered Compilers"/>
    <property name="java.runtime.version" value="11.0.7+10-post-Ubuntu-3ubuntu1"/>
    <property name="user.name" value="y"/>
    <property name="path.separator" value=":"/>
    <property name="os.version" value="5.4.0-29-generic"/>
    <property name="java.runtime.name" value="OpenJDK Runtime Environment"/>
    <property name="file.encoding" value="UTF-8"/>
    <property name="java.vm.name" value="OpenJDK 64-Bit Server VM"/>
    <property name="localRepository" value="/home/y/.m2/repository"/>
    <property name="java.vendor.url.bug" value="https://bugs.launchpad.net/ubuntu/+source/openjdk-lts"/>
    <property name="java.io.tmpdir" value="/tmp"/>
    <property name="java.version" value="11.0.7"/>
    <property name="user.dir" value="/home/y/formationmaven/tps/tp3/monappli/monappli-service"/>
    <property name="os.arch" value="amd64"/>
    <property name="java.vm.specification.name" value="Java Virtual Machine Specification"/>
    <property name="java.awt.printerjob" value="sun.print.PSPrinterJob"/>
    <property name="sun.os.patch.level" value="unknown"/>
    <property name="java.library.path" value="/usr/java/packages/lib:/usr/lib/x86_64-linux-gnu/jni:/lib/x86_64-linux-gnu:/usr/lib/x86_64-linux-gnu:/usr/lib/jni:/lib:/usr/lib"/>
    <property name="java.vendor" value="Ubuntu"/>
    <property name="java.vm.info" value="mixed mode, sharing"/>
    <property name="java.vm.version" value="11.0.7+10-post-Ubuntu-3ubuntu1"/>
    <property name="sun.io.unicode.encoding" value="UnicodeLittle"/>
    <property name="java.class.version" value="55.0"/>
  </properties>
  <testcase name="shouldAnswerWithTrue" classname="com.objis.demomaven.AppTest" time="0.002"/>
</testsuite>